<?xml version="1.0" encoding="UTF-8"?>
<testsuite xmlns:xsi="http://www.w3.org/2001/XMLSchema-instance" xsi:noNamespaceSchemaLocation="https://maven.apache.org/surefire/maven-surefire-plugin/xsd/surefire-test-report-3.0.xsd" version="3.0" name="com.climax.climax.ClimaxApplicationTests" time="0.139" tests="8" errors="0" skipped="0" failures="0">
  <properties>
    <property name="java.specification.version" value="21"/>
    <property name="sun.jnu.encoding" value="UTF-8"/>
    <property name="java.class.path" value="/home/hamed/IdeaProjects/climax/target/test-classes:/home/hamed/IdeaProjects/climax/target/classes:/home/hamed/.m2/repository/org/springframework/boot/spring-boot-starter-web/3.2.2/spring-boot-starter-web-3.2.2.jar:/home/hamed/.m2/repository/org/springframework/boot/spring-boot-starter/3.2.2/spring-boot-starter-3.2.2.jar:/home/hamed/.m2/repository/org/springframework/boot/spring-boot-starter-logging/3.2.2/spring-boot-starter-logging-3.2.2.jar:/home/hamed/.m2/repository/ch/qos/logback/logback-classic/1.4.14/logback-classic-1.4.14.jar:/home/hamed/.m2/repository/ch/qos/logback/logback-core/1.4.14/logback-core-1.4.14.jar:/home/hamed/.m2/repository/org/apache/logging/log4j/log4j-to-slf4j/2.21.1/log4j-to-slf4j-2.21.1.jar:/home/hamed/.m2/repository/org/apache/logging/log4j/log4j-api/2.21.1/log4j-api-2.21.1.jar:/home/hamed/.m2/repository/org/slf4j/jul-to-slf4j/2.0.11/jul-to-slf4j-2.0.11.jar:/home/hamed/.m2/repository/jakarta/annotation/jakarta.annotation-api/2.1.1/jakarta.annotation-api-2.1.1.jar:/home/hamed/.m2/repository/org/yaml/snakeyaml/2.2/snakeyaml-2.2.jar:/home/hamed/.m2/repository/org/springframework/boot/spring-boot-starter-json/3.2.2/spring-boot-starter-json-3.2.2.jar:/home/hamed/.m2/repository/com/fasterxml/jackson/core/jackson-databind/2.15.3/jackson-databind-2.15.3.jar:/home/hamed/.m2/repository/com/fasterxml/jackson/core/jackson-annotations/2.15.3/jackson-annotations-2.15.3.jar:/home/hamed/.m2/repository/com/fasterxml/jackson/core/jackson-core/2.15.3/jackson-core-2.15.3.jar:/home/hamed/.m2/repository/com/fasterxml/jackson/datatype/jackson-datatype-jdk8/2.15.3/jackson-datatype-jdk8-2.15.3.jar:/home/hamed/.m2/repository/com/fasterxml/jackson/datatype/jackson-datatype-jsr310/2.15.3/jackson-datatype-jsr310-2.15.3.jar:/home/hamed/.m2/repository/com/fasterxml/jackson/module/jackson-module-parameter-names/2.15.3/jackson-module-parameter-names-2.15.3.jar:/home/hamed/.m2/repository/org/springframework/boot/spring-boot-starter-tomcat/3.2.2/spring-boot-starter-tomcat-3.2.2.jar:/home/hamed/.m2/repository/org/apache/tomcat/embed/tomcat-embed-core/10.1.18/tomcat-embed-core-10.1.18.jar:/home/hamed/.m2/repository/org/apache/tomcat/embed/tomcat-embed-el/10.1.18/tomcat-embed-el-10.1.18.jar:/home/hamed/.m2/repository/org/apache/tomcat/embed/tomcat-embed-websocket/10.1.18/tomcat-embed-websocket-10.1.18.jar:/home/hamed/.m2/repository/org/springframework/spring-web/6.1.3/spring-web-6.1.3.jar:/home/hamed/.m2/repository/org/springframework/spring-beans/6.1.3/spring-beans-6.1.3.jar:/home/hamed/.m2/repository/io/micrometer/micrometer-observation/1.12.2/micrometer-observation-1.12.2.jar:/home/hamed/.m2/repository/io/micrometer/micrometer-commons/1.12.2/micrometer-commons-1.12.2.jar:/home/hamed/.m2/repository/org/springframework/spring-webmvc/6.1.3/spring-webmvc-6.1.3.jar:/home/hamed/.m2/repository/org/springframework/spring-aop/6.1.3/spring-aop-6.1.3.jar:/home/hamed/.m2/repository/org/springframework/spring-context/6.1.3/spring-context-6.1.3.jar:/home/hamed/.m2/repository/org/springframework/spring-expression/6.1.3/spring-expression-6.1.3.jar:/home/hamed/.m2/repository/com/googlecode/json-simple/json-simple/1.1.1/json-simple-1.1.1.jar:/home/hamed/.m2/repository/junit/junit/4.13.2/junit-4.13.2.jar:/home/hamed/.m2/repository/org/hamcrest/hamcrest-core/2.2/hamcrest-core-2.2.jar:/home/hamed/.m2/repository/org/junit/jupiter/junit-jupiter-api/5.10.1/junit-jupiter-api-5.10.1.jar:/home/hamed/.m2/repository/org/opentest4j/opentest4j/1.3.0/opentest4j-1.3.0.jar:/home/hamed/.m2/repository/org/junit/platform/junit-platform-commons/1.10.1/junit-platform-commons-1.10.1.jar:/home/hamed/.m2/repository/org/apiguardian/apiguardian-api/1.1.2/apiguardian-api-1.1.2.jar:/home/hamed/.m2/repository/org/springframework/boot/spring-boot-starter-thymeleaf/3.2.1/spring-boot-starter-thymeleaf-3.2.1.jar:/home/hamed/.m2/repository/org/thymeleaf/thymeleaf-spring6/3.1.2.RELEASE/thymeleaf-spring6-3.1.2.RELEASE.jar:/home/hamed/.m2/repository/org/thymeleaf/thymeleaf/3.1.2.RELEASE/thymeleaf-3.1.2.RELEASE.jar:/home/hamed/.m2/repository/org/attoparser/attoparser/2.0.7.RELEASE/attoparser-2.0.7.RELEASE.jar:/home/hamed/.m2/repository/org/unbescape/unbescape/1.1.6.RELEASE/unbescape-1.1.6.RELEASE.jar:/home/hamed/.m2/repository/org/slf4j/slf4j-api/2.0.11/slf4j-api-2.0.11.jar:/home/hamed/.m2/repository/com/opencsv/opencsv/3.8/opencsv-3.8.jar:/home/hamed/.m2/repository/org/apache/commons/commons-lang3/3.13.0/commons-lang3-3.13.0.jar:/home/hamed/.m2/repository/commons-beanutils/commons-beanutils/1.9.2/commons-beanutils-1.9.2.jar:/home/hamed/.m2/repository/commons-logging/commons-logging/1.1.1/commons-logging-1.1.1.jar:/home/hamed/.m2/repository/commons-collections/commons-collections/3.2.1/commons-collections-3.2.1.jar:/home/hamed/.m2/repository/org/springframework/boot/spring-boot-devtools/3.2.2/spring-boot-devtools-3.2.2.jar:/home/hamed/.m2/repository/org/springframework/boot/spring-boot/3.2.2/spring-boot-3.2.2.jar:/home/hamed/.m2/repository/org/springframework/boot/spring-boot-autoconfigure/3.2.2/spring-boot-autoconfigure-3.2.2.jar:/home/hamed/.m2/repository/org/projectlombok/lombok/1.18.30/lombok-1.18.30.jar:/home/hamed/.m2/repository/org/springframework/boot/spring-boot-starter-test/3.2.2/spring-boot-starter-test-3.2.2.jar:/home/hamed/.m2/repository/org/springframework/boot/spring-boot-test/3.2.2/spring-boot-test-3.2.2.jar:/home/hamed/.m2/repository/org/springframework/boot/spring-boot-test-autoconfigure/3.2.2/spring-boot-test-autoconfigure-3.2.2.jar:/home/hamed/.m2/repository/com/jayway/jsonpath/json-path/2.8.0/json-path-2.8.0.jar:/home/hamed/.m2/repository/jakarta/xml/bind/jakarta.xml.bind-api/4.0.1/jakarta.xml.bind-api-4.0.1.jar:/home/hamed/.m2/repository/jakarta/activation/jakarta.activation-api/2.1.2/jakarta.activation-api-2.1.2.jar:/home/hamed/.m2/repository/net/minidev/json-smart/2.5.0/json-smart-2.5.0.jar:/home/hamed/.m2/repository/net/minidev/accessors-smart/2.5.0/accessors-smart-2.5.0.jar:/home/hamed/.m2/repository/org/ow2/asm/asm/9.3/asm-9.3.jar:/home/hamed/.m2/repository/org/assertj/assertj-core/3.24.2/assertj-core-3.24.2.jar:/home/hamed/.m2/repository/net/bytebuddy/byte-buddy/1.14.11/byte-buddy-1.14.11.jar:/home/hamed/.m2/repository/org/awaitility/awaitility/4.2.0/awaitility-4.2.0.jar:/home/hamed/.m2/repository/org/hamcrest/hamcrest/2.2/hamcrest-2.2.jar:/home/hamed/.m2/repository/org/junit/jupiter/junit-jupiter/5.10.1/junit-jupiter-5.10.1.jar:/home/hamed/.m2/repository/org/junit/jupiter/junit-jupiter-params/5.10.1/junit-jupiter-params-5.10.1.jar:/home/hamed/.m2/repository/org/junit/jupiter/junit-jupiter-engine/5.10.1/junit-jupiter-engine-5.10.1.jar:/home/hamed/.m2/repository/org/junit/platform/junit-platform-engine/1.10.1/junit-platform-engine-1.10.1.jar:/home/hamed/.m2/repository/org/mockito/mockito-core/5.7.0/mockito-core-5.7.0.jar:/home/hamed/.m2/repository/net/bytebuddy/byte-buddy-agent/1.14.11/byte-buddy-agent-1.14.11.jar:/home/hamed/.m2/repository/org/objenesis/objenesis/3.3/objenesis-3.3.jar:/home/hamed/.m2/repository/org/mockito/mockito-junit-jupiter/5.7.0/mockito-junit-jupiter-5.7.0.jar:/home/hamed/.m2/repository/org/skyscreamer/jsonassert/1.5.1/jsonassert-1.5.1.jar:/home/hamed/.m2/repository/com/vaadin/external/google/android-json/0.0.20131108.vaadin1/android-json-0.0.20131108.vaadin1.jar:/home/hamed/.m2/repository/org/springframework/spring-core/6.1.3/spring-core-6.1.3.jar:/home/hamed/.m2/repository/org/springframework/spring-jcl/6.1.3/spring-jcl-6.1.3.jar:/home/hamed/.m2/repository/org/springframework/spring-test/6.1.3/spring-test-6.1.3.jar:/home/hamed/.m2/repository/org/xmlunit/xmlunit-core/2.9.1/xmlunit-core-2.9.1.jar:/home/hamed/.m2/repository/org/jetbrains/annotations/24.1.0/annotations-24.1.0.jar:"/>
    <property name="java.vm.vendor" value="Oracle Corporation"/>
    <property name="sun.arch.data.model" value="64"/>
    <property name="java.vendor.url" value="https://java.oracle.com/"/>
    <property name="user.timezone" value="America/New_York"/>
    <property name="os.name" value="Linux"/>
    <property name="java.vm.specification.version" value="21"/>
    <property name="sun.java.launcher" value="SUN_STANDARD"/>
    <property name="user.country" value="US"/>
    <property name="sun.boot.library.path" value="/home/hamed/.jdks/openjdk-21.0.2/lib"/>
    <property name="sun.java.command" value="/home/hamed/IdeaProjects/climax/target/surefire/surefirebooter-20240129022508016_3.jar /home/hamed/IdeaProjects/climax/target/surefire 2024-01-29T02-25-07_967-jvmRun1 surefire-20240129022508016_1tmp surefire_0-20240129022508016_2tmp"/>
    <property name="jdk.debug" value="release"/>
    <property name="surefire.test.class.path" value="/home/hamed/IdeaProjects/climax/target/test-classes:/home/hamed/IdeaProjects/climax/target/classes:/home/hamed/.m2/repository/org/springframework/boot/spring-boot-starter-web/3.2.2/spring-boot-starter-web-3.2.2.jar:/home/hamed/.m2/repository/org/springframework/boot/spring-boot-starter/3.2.2/spring-boot-starter-3.2.2.jar:/home/hamed/.m2/repository/org/springframework/boot/spring-boot-starter-logging/3.2.2/spring-boot-starter-logging-3.2.2.jar:/home/hamed/.m2/repository/ch/qos/logback/logback-classic/1.4.14/logback-classic-1.4.14.jar:/home/hamed/.m2/repository/ch/qos/logback/logback-core/1.4.14/logback-core-1.4.14.jar:/home/hamed/.m2/repository/org/apache/logging/log4j/log4j-to-slf4j/2.21.1/log4j-to-slf4j-2.21.1.jar:/home/hamed/.m2/repository/org/apache/logging/log4j/log4j-api/2.21.1/log4j-api-2.21.1.jar:/home/hamed/.m2/repository/org/slf4j/jul-to-slf4j/2.0.11/jul-to-slf4j-2.0.11.jar:/home/hamed/.m2/repository/jakarta/annotation/jakarta.annotation-api/2.1.1/jakarta.annotation-api-2.1.1.jar:/home/hamed/.m2/repository/org/yaml/snakeyaml/2.2/snakeyaml-2.2.jar:/home/hamed/.m2/repository/org/springframework/boot/spring-boot-starter-json/3.2.2/spring-boot-starter-json-3.2.2.jar:/home/hamed/.m2/repository/com/fasterxml/jackson/core/jackson-databind/2.15.3/jackson-databind-2.15.3.jar:/home/hamed/.m2/repository/com/fasterxml/jackson/core/jackson-annotations/2.15.3/jackson-annotations-2.15.3.jar:/home/hamed/.m2/repository/com/fasterxml/jackson/core/jackson-core/2.15.3/jackson-core-2.15.3.jar:/home/hamed/.m2/repository/com/fasterxml/jackson/datatype/jackson-datatype-jdk8/2.15.3/jackson-datatype-jdk8-2.15.3.jar:/home/hamed/.m2/repository/com/fasterxml/jackson/datatype/jackson-datatype-jsr310/2.15.3/jackson-datatype-jsr310-2.15.3.jar:/home/hamed/.m2/repository/com/fasterxml/jackson/module/jackson-module-parameter-names/2.15.3/jackson-module-parameter-names-2.15.3.jar:/home/hamed/.m2/repository/org/springframework/boot/spring-boot-starter-tomcat/3.2.2/spring-boot-starter-tomcat-3.2.2.jar:/home/hamed/.m2/repository/org/apache/tomcat/embed/tomcat-embed-core/10.1.18/tomcat-embed-core-10.1.18.jar:/home/hamed/.m2/repository/org/apache/tomcat/embed/tomcat-embed-el/10.1.18/tomcat-embed-el-10.1.18.jar:/home/hamed/.m2/repository/org/apache/tomcat/embed/tomcat-embed-websocket/10.1.18/tomcat-embed-websocket-10.1.18.jar:/home/hamed/.m2/repository/org/springframework/spring-web/6.1.3/spring-web-6.1.3.jar:/home/hamed/.m2/repository/org/springframework/spring-beans/6.1.3/spring-beans-6.1.3.jar:/home/hamed/.m2/repository/io/micrometer/micrometer-observation/1.12.2/micrometer-observation-1.12.2.jar:/home/hamed/.m2/repository/io/micrometer/micrometer-commons/1.12.2/micrometer-commons-1.12.2.jar:/home/hamed/.m2/repository/org/springframework/spring-webmvc/6.1.3/spring-webmvc-6.1.3.jar:/home/hamed/.m2/repository/org/springframework/spring-aop/6.1.3/spring-aop-6.1.3.jar:/home/hamed/.m2/repository/org/springframework/spring-context/6.1.3/spring-context-6.1.3.jar:/home/hamed/.m2/repository/org/springframework/spring-expression/6.1.3/spring-expression-6.1.3.jar:/home/hamed/.m2/repository/com/googlecode/json-simple/json-simple/1.1.1/json-simple-1.1.1.jar:/home/hamed/.m2/repository/junit/junit/4.13.2/junit-4.13.2.jar:/home/hamed/.m2/repository/org/hamcrest/hamcrest-core/2.2/hamcrest-core-2.2.jar:/home/hamed/.m2/repository/org/junit/jupiter/junit-jupiter-api/5.10.1/junit-jupiter-api-5.10.1.jar:/home/hamed/.m2/repository/org/opentest4j/opentest4j/1.3.0/opentest4j-1.3.0.jar:/home/hamed/.m2/repository/org/junit/platform/junit-platform-commons/1.10.1/junit-platform-commons-1.10.1.jar:/home/hamed/.m2/repository/org/apiguardian/apiguardian-api/1.1.2/apiguardian-api-1.1.2.jar:/home/hamed/.m2/repository/org/springframework/boot/spring-boot-starter-thymeleaf/3.2.1/spring-boot-starter-thymeleaf-3.2.1.jar:/home/hamed/.m2/repository/org/thymeleaf/thymeleaf-spring6/3.1.2.RELEASE/thymeleaf-spring6-3.1.2.RELEASE.jar:/home/hamed/.m2/repository/org/thymeleaf/thymeleaf/3.1.2.RELEASE/thymeleaf-3.1.2.RELEASE.jar:/home/hamed/.m2/repository/org/attoparser/attoparser/2.0.7.RELEASE/attoparser-2.0.7.RELEASE.jar:/home/hamed/.m2/repository/org/unbescape/unbescape/1.1.6.RELEASE/unbescape-1.1.6.RELEASE.jar:/home/hamed/.m2/repository/org/slf4j/slf4j-api/2.0.11/slf4j-api-2.0.11.jar:/home/hamed/.m2/repository/com/opencsv/opencsv/3.8/opencsv-3.8.jar:/home/hamed/.m2/repository/org/apache/commons/commons-lang3/3.13.0/commons-lang3-3.13.0.jar:/home/hamed/.m2/repository/commons-beanutils/commons-beanutils/1.9.2/commons-beanutils-1.9.2.jar:/home/hamed/.m2/repository/commons-logging/commons-logging/1.1.1/commons-logging-1.1.1.jar:/home/hamed/.m2/repository/commons-collections/commons-collections/3.2.1/commons-collections-3.2.1.jar:/home/hamed/.m2/repository/org/springframework/boot/spring-boot-devtools/3.2.2/spring-boot-devtools-3.2.2.jar:/home/hamed/.m2/repository/org/springframework/boot/spring-boot/3.2.2/spring-boot-3.2.2.jar:/home/hamed/.m2/repository/org/springframework/boot/spring-boot-autoconfigure/3.2.2/spring-boot-autoconfigure-3.2.2.jar:/home/hamed/.m2/repository/org/projectlombok/lombok/1.18.30/lombok-1.18.30.jar:/home/hamed/.m2/repository/org/springframework/boot/spring-boot-starter-test/3.2.2/spring-boot-starter-test-3.2.2.jar:/home/hamed/.m2/repository/org/springframework/boot/spring-boot-test/3.2.2/spring-boot-test-3.2.2.jar:/home/hamed/.m2/repository/org/springframework/boot/spring-boot-test-autoconfigure/3.2.2/spring-boot-test-autoconfigure-3.2.2.jar:/home/hamed/.m2/repository/com/jayway/jsonpath/json-path/2.8.0/json-path-2.8.0.jar:/home/hamed/.m2/repository/jakarta/xml/bind/jakarta.xml.bind-api/4.0.1/jakarta.xml.bind-api-4.0.1.jar:/home/hamed/.m2/repository/jakarta/activation/jakarta.activation-api/2.1.2/jakarta.activation-api-2.1.2.jar:/home/hamed/.m2/repository/net/minidev/json-smart/2.5.0/json-smart-2.5.0.jar:/home/hamed/.m2/repository/net/minidev/accessors-smart/2.5.0/accessors-smart-2.5.0.jar:/home/hamed/.m2/repository/org/ow2/asm/asm/9.3/asm-9.3.jar:/home/hamed/.m2/repository/org/assertj/assertj-core/3.24.2/assertj-core-3.24.2.jar:/home/hamed/.m2/repository/net/bytebuddy/byte-buddy/1.14.11/byte-buddy-1.14.11.jar:/home/hamed/.m2/repository/org/awaitility/awaitility/4.2.0/awaitility-4.2.0.jar:/home/hamed/.m2/repository/org/hamcrest/hamcrest/2.2/hamcrest-2.2.jar:/home/hamed/.m2/repository/org/junit/jupiter/junit-jupiter/5.10.1/junit-jupiter-5.10.1.jar:/home/hamed/.m2/repository/org/junit/jupiter/junit-jupiter-params/5.10.1/junit-jupiter-params-5.10.1.jar:/home/hamed/.m2/repository/org/junit/jupiter/junit-jupiter-engine/5.10.1/junit-jupiter-engine-5.10.1.jar:/home/hamed/.m2/repository/org/junit/platform/junit-platform-engine/1.10.1/junit-platform-engine-1.10.1.jar:/home/hamed/.m2/repository/org/mockito/mockito-core/5.7.0/mockito-core-5.7.0.jar:/home/hamed/.m2/repository/net/bytebuddy/byte-buddy-agent/1.14.11/byte-buddy-agent-1.14.11.jar:/home/hamed/.m2/repository/org/objenesis/objenesis/3.3/objenesis-3.3.jar:/home/hamed/.m2/repository/org/mockito/mockito-junit-jupiter/5.7.0/mockito-junit-jupiter-5.7.0.jar:/home/hamed/.m2/repository/org/skyscreamer/jsonassert/1.5.1/jsonassert-1.5.1.jar:/home/hamed/.m2/repository/com/vaadin/external/google/android-json/0.0.20131108.vaadin1/android-json-0.0.20131108.vaadin1.jar:/home/hamed/.m2/repository/org/springframework/spring-core/6.1.3/spring-core-6.1.3.jar:/home/hamed/.m2/repository/org/springframework/spring-jcl/6.1.3/spring-jcl-6.1.3.jar:/home/hamed/.m2/repository/org/springframework/spring-test/6.1.3/spring-test-6.1.3.jar:/home/hamed/.m2/repository/org/xmlunit/xmlunit-core/2.9.1/xmlunit-core-2.9.1.jar:/home/hamed/.m2/repository/org/jetbrains/annotations/24.1.0/annotations-24.1.0.jar:"/>
    <property name="sun.cpu.endian" value="little"/>
    <property name="user.home" value="/home/hamed"/>
    <property name="user.language" value="en"/>
    <property name="java.specification.vendor" value="Oracle Corporation"/>
    <property name="java.version.date" value="2024-01-16"/>
    <property name="java.home" value="/home/hamed/.jdks/openjdk-21.0.2"/>
    <property name="file.separator" value="/"/>
    <property name="basedir" value="/home/hamed/IdeaProjects/climax"/>
    <property name="java.vm.compressedOopsMode" value="Zero based"/>
    <property name="line.separator" value="&#10;"/>
    <property name="java.specification.name" value="Java Platform API Specification"/>
    <property name="java.vm.specification.vendor" value="Oracle Corporation"/>
    <property name="surefire.real.class.path" value="/home/hamed/IdeaProjects/climax/target/surefire/surefirebooter-20240129022508016_3.jar"/>
    <property name="sun.management.compiler" value="HotSpot 64-Bit Tiered Compilers"/>
    <property name="java.runtime.version" value="21.0.2+13-58"/>
    <property name="user.name" value="hamed"/>
    <property name="stdout.encoding" value="UTF-8"/>
    <property name="path.separator" value=":"/>
    <property name="os.version" value="6.5.0-15-generic"/>
    <property name="java.runtime.name" value="OpenJDK Runtime Environment"/>
    <property name="file.encoding" value="UTF-8"/>
    <property name="java.vm.name" value="OpenJDK 64-Bit Server VM"/>
    <property name="localRepository" value="/home/hamed/.m2/repository"/>
    <property name="java.vendor.url.bug" value="https://bugreport.java.com/bugreport/"/>
    <property name="java.io.tmpdir" value="/tmp"/>
    <property name="idea.version" value="2023.3.3"/>
    <property name="java.version" value="21.0.2"/>
    <property name="user.dir" value="/home/hamed/IdeaProjects/climax"/>
    <property name="os.arch" value="amd64"/>
    <property name="java.vm.specification.name" value="Java Virtual Machine Specification"/>
    <property name="native.encoding" value="UTF-8"/>
    <property name="java.library.path" value="/usr/java/packages/lib:/usr/lib64:/lib64:/lib:/usr/lib"/>
    <property name="java.vm.info" value="mixed mode, sharing"/>
    <property name="stderr.encoding" value="UTF-8"/>
    <property name="java.vendor" value="Oracle Corporation"/>
    <property name="java.vm.version" value="21.0.2+13-58"/>
    <property name="sun.io.unicode.encoding" value="UnicodeLittle"/>
    <property name="java.class.version" value="65.0"/>
  </properties>
  <testcase name="testReadTextFile" classname="com.climax.climax.ClimaxApplicationTests" time="0.041">
    <system-out><![CDATA[02:25:08.510 [main] INFO com.climax.climax.services.TextFile -- Employee{id='null', firstName='Adrien', lastName='Zous', age=25, salary=35.0, djob='informaticien'}
02:25:08.512 [main] INFO com.climax.climax.services.TextFile -- Employee{id='null', firstName='Mathilde', lastName='Ducroc', age=32, salary=38.0, djob='informaticien'}
02:25:08.512 [main] INFO com.climax.climax.services.TextFile -- Employee{id='null', firstName='Bruno', lastName='Joy', age=29, salary=33.0, djob='comptable'}
02:25:08.513 [main] INFO com.climax.climax.services.TextFile -- Employee{id='null', firstName='Julien', lastName='Basr', age=43, salary=24.0, djob='policier'}
02:25:08.513 [main] INFO com.climax.climax.services.TextFile -- Employee{id='null', firstName='Teff', lastName='Bouaz', age=52, salary=45.0, djob='boulanger'}
02:25:08.513 [main] INFO com.climax.climax.services.TextFile -- Employee{id='null', firstName='Ben', lastName='Leroy', age=48, salary=26.0, djob='comptable'}
02:25:08.513 [main] INFO com.climax.climax.services.TextFile -- Employee{id='null', firstName='Celine', lastName='Beroy', age=28, salary=37.0, djob='comptable'}
]]></system-out>
  </testcase>
  <testcase name="testJSonFileLength" classname="com.climax.climax.ClimaxApplicationTests" time="0.007">
    <system-out><![CDATA[02:25:08.520 [main] INFO com.climax.climax.services.JsonFile -- myFilePath:   /home/hamed/IdeaProjects/climax/file.json
02:25:08.524 [main] INFO com.climax.climax.services.JsonFile -- Employee{id='null', firstName='Zous', lastName='Adrien', age=25, salary=35.0, djob='informaticien'}
02:25:08.524 [main] INFO com.climax.climax.services.JsonFile -- Employee{id='null', firstName='Ducroc', lastName='Mathilde', age=32, salary=38.0, djob='informaticien'}
02:25:08.524 [main] INFO com.climax.climax.services.JsonFile -- Employee{id='null', firstName='Joy', lastName='Bruno', age=29, salary=33.0, djob='comptable'}
02:25:08.524 [main] INFO com.climax.climax.services.JsonFile -- Employee{id='null', firstName='Basr', lastName='Julien', age=43, salary=24.0, djob='policier'}
02:25:08.524 [main] INFO com.climax.climax.services.JsonFile -- Employee{id='null', firstName='Bouaz', lastName='Teff', age=52, salary=45.0, djob='boulanger'}
02:25:08.524 [main] INFO com.climax.climax.services.JsonFile -- Employee{id='null', firstName='Leroy', lastName='Ben', age=48, salary=26.0, djob='comptable'}
02:25:08.525 [main] INFO com.climax.climax.services.JsonFile -- Employee{id='null', firstName='Beroy', lastName='Celine', age=28, salary=37.0, djob='comptable'}
]]></system-out>
  </testcase>
  <testcase name="testAllJSonFileData" classname="com.climax.climax.ClimaxApplicationTests" time="0.003">
    <system-out><![CDATA[02:25:08.527 [main] INFO com.climax.climax.services.JsonFile -- myFilePath:   /home/hamed/IdeaProjects/climax/file.json
02:25:08.528 [main] INFO com.climax.climax.services.JsonFile -- Employee{id='null', firstName='Zous', lastName='Adrien', age=25, salary=35.0, djob='informaticien'}
02:25:08.528 [main] INFO com.climax.climax.services.JsonFile -- Employee{id='null', firstName='Ducroc', lastName='Mathilde', age=32, salary=38.0, djob='informaticien'}
02:25:08.528 [main] INFO com.climax.climax.services.JsonFile -- Employee{id='null', firstName='Joy', lastName='Bruno', age=29, salary=33.0, djob='comptable'}
02:25:08.528 [main] INFO com.climax.climax.services.JsonFile -- Employee{id='null', firstName='Basr', lastName='Julien', age=43, salary=24.0, djob='policier'}
02:25:08.529 [main] INFO com.climax.climax.services.JsonFile -- Employee{id='null', firstName='Bouaz', lastName='Teff', age=52, salary=45.0, djob='boulanger'}
02:25:08.529 [main] INFO com.climax.climax.services.JsonFile -- Employee{id='null', firstName='Leroy', lastName='Ben', age=48, salary=26.0, djob='comptable'}
02:25:08.529 [main] INFO com.climax.climax.services.JsonFile -- Employee{id='null', firstName='Beroy', lastName='Celine', age=28, salary=37.0, djob='comptable'}
]]></system-out>
  </testcase>
  <testcase name="testReadCsvFile" classname="com.climax.climax.ClimaxApplicationTests" time="0.004">
    <system-out><![CDATA[02:25:08.533 [main] INFO com.climax.climax.services.CsvFile -- Employee{id='null', firstName='Zous', lastName='Adrien', age=25, salary=35.0, djob='Informaticien'}
02:25:08.533 [main] INFO com.climax.climax.services.CsvFile -- Employee{id='null', firstName='Ducroc', lastName='Mathilde', age=32, salary=38.0, djob='Informaticien'}
02:25:08.533 [main] INFO com.climax.climax.services.CsvFile -- Employee{id='null', firstName='Joy', lastName='Bruno', age=29, salary=33.0, djob='Comptable'}
02:25:08.533 [main] INFO com.climax.climax.services.CsvFile -- Employee{id='null', firstName='Basr', lastName='Julien', age=43, salary=24.0, djob='Policier'}
02:25:08.534 [main] INFO com.climax.climax.services.CsvFile -- Employee{id='null', firstName='Bouaz', lastName='Teff', age=52, salary=45.0, djob='Boulanger'}
02:25:08.534 [main] INFO com.climax.climax.services.CsvFile -- Employee{id='null', firstName='Leroy', lastName='Ben', age=48, salary=26.0, djob='Comptable'}
02:25:08.534 [main] INFO com.climax.climax.services.CsvFile -- Employee{id='null', firstName='Beroy', lastName='Celine', age=28, salary=37.0, djob='Comptable'}
]]></system-out>
  </testcase>
  <testcase name="testGetJSonFileSalaryByDjob" classname="com.climax.climax.ClimaxApplicationTests" time="0.004"/>
  <testcase name="testGetFirstEmployee" classname="com.climax.climax.ClimaxApplicationTests" time="0.002">
    <system-out><![CDATA[02:25:08.541 [main] INFO com.climax.climax.services.JsonFile -- myFilePath:   /home/hamed/IdeaProjects/climax/file.json
02:25:08.541 [main] INFO com.climax.climax.services.JsonFile -- Employee{id='null', firstName='Zous', lastName='Adrien', age=25, salary=35.0, djob='informaticien'}
02:25:08.541 [main] INFO com.climax.climax.services.JsonFile -- Employee{id='null', firstName='Ducroc', lastName='Mathilde', age=32, salary=38.0, djob='informaticien'}
02:25:08.542 [main] INFO com.climax.climax.services.JsonFile -- Employee{id='null', firstName='Joy', lastName='Bruno', age=29, salary=33.0, djob='comptable'}
02:25:08.542 [main] INFO com.climax.climax.services.JsonFile -- Employee{id='null', firstName='Basr', lastName='Julien', age=43, salary=24.0, djob='policier'}
02:25:08.542 [main] INFO com.climax.climax.services.JsonFile -- Employee{id='null', firstName='Bouaz', lastName='Teff', age=52, salary=45.0, djob='boulanger'}
02:25:08.542 [main] INFO com.climax.climax.services.JsonFile -- Employee{id='null', firstName='Leroy', lastName='Ben', age=48, salary=26.0, djob='comptable'}
02:25:08.542 [main] INFO com.climax.climax.services.JsonFile -- Employee{id='null', firstName='Beroy', lastName='Celine', age=28, salary=37.0, djob='comptable'}
]]></system-out>
  </testcase>
  <testcase name="testReadXmlFile" classname="com.climax.climax.ClimaxApplicationTests" time="0.018">
    <system-out><![CDATA[02:25:08.544 [main] INFO com.climax.climax.services.XMLFile -- myFilePath:   /home/hamed/IdeaProjects/climax/file.xml
02:25:08.560 [main] INFO com.climax.climax.services.XMLFile -- Employee{id='234', firstName='Zous', lastName='Adrien', age=25, salary=35.0, djob='informaticien'}
02:25:08.560 [main] INFO com.climax.climax.services.XMLFile -- Employee{id='993', firstName='Ducroc', lastName='Mathilde', age=32, salary=38.0, djob='informaticien'}
02:25:08.560 [main] INFO com.climax.climax.services.XMLFile -- Employee{id='001', firstName='Joy', lastName='Bruno', age=29, salary=33.0, djob='comptable'}
02:25:08.560 [main] INFO com.climax.climax.services.XMLFile -- Employee{id='002', firstName='Basr', lastName='Julien', age=43, salary=24.0, djob='policier'}
02:25:08.560 [main] INFO com.climax.climax.services.XMLFile -- Employee{id='003', firstName='Bouaz', lastName='Teff', age=52, salary=45.0, djob='boulanger'}
02:25:08.560 [main] INFO com.climax.climax.services.XMLFile -- Employee{id='004', firstName='Leroy', lastName='Ben', age=48, salary=26.0, djob='comptable'}
02:25:08.560 [main] INFO com.climax.climax.services.XMLFile -- Employee{id='005', firstName='Beroy', lastName='Celine', age=28, salary=37.0, djob='comptable'}
]]></system-out>
  </testcase>
  <testcase name="testReadJsonFile" classname="com.climax.climax.ClimaxApplicationTests" time="0.002">
    <system-out><![CDATA[02:25:08.562 [main] INFO com.climax.climax.services.JsonFile -- myFilePath:   /home/hamed/IdeaProjects/climax/file.json
02:25:08.563 [main] INFO com.climax.climax.services.JsonFile -- Employee{id='null', firstName='Zous', lastName='Adrien', age=25, salary=35.0, djob='informaticien'}
02:25:08.563 [main] INFO com.climax.climax.services.JsonFile -- Employee{id='null', firstName='Ducroc', lastName='Mathilde', age=32, salary=38.0, djob='informaticien'}
02:25:08.563 [main] INFO com.climax.climax.services.JsonFile -- Employee{id='null', firstName='Joy', lastName='Bruno', age=29, salary=33.0, djob='comptable'}
02:25:08.563 [main] INFO com.climax.climax.services.JsonFile -- Employee{id='null', firstName='Basr', lastName='Julien', age=43, salary=24.0, djob='policier'}
02:25:08.563 [main] INFO com.climax.climax.services.JsonFile -- Employee{id='null', firstName='Bouaz', lastName='Teff', age=52, salary=45.0, djob='boulanger'}
02:25:08.563 [main] INFO com.climax.climax.services.JsonFile -- Employee{id='null', firstName='Leroy', lastName='Ben', age=48, salary=26.0, djob='comptable'}
02:25:08.563 [main] INFO com.climax.climax.services.JsonFile -- Employee{id='null', firstName='Beroy', lastName='Celine', age=28, salary=37.0, djob='comptable'}
]]></system-out>
  </testcase>
</testsuite>